MODEL INPUTS REPORT
Generated: 2026-05-20T16:53:09

PATHS
  project_root   : W:\VUB\_main_research\scripts\wetland_model\conceptual_model\model_setup_v2_2025
  input_dir      : W:\VUB\_main_research\scripts\wetland_model\conceptual_model\model_setup_v2_2025\inputs
  meteo_dir      : W:\VUB\_main_research\scripts\wetland_model\conceptual_model\model_setup_v2_2025\inputs\meteo
  lai_dir        : W:\VUB\_main_research\scripts\wetland_model\conceptual_model\model_setup_v2_2025\inputs\lai
  landcover_dir  : W:\VUB\_main_research\scripts\wetland_model\conceptual_model\model_setup_v2_2025\inputs\landcover
  validation_dir : W:\VUB\_main_research\scripts\wetland_model\conceptual_model\model_setup_v2_2025\inputs\validation
  out_dir        : W:\VUB\_main_research\scripts\wetland_model\conceptual_model\model_setup_v2_2025\outputs

RUN SETTINGS
  sim_freq     : H
  warmup_days  : 730
  meteo_period : 1990-01-01 -> 2025-12-31
  meteo_cols   : ['P', 'PET']
  missing_days : 0

DISAGGREGATION
  dn_ratios    : shape=(12, 2), cols=['day_ratio', 'night_ratio']

SOIL / LAYERS
  n_layers       : 4
  layer_edges_m  : [0.0, 0.05, 0.3, 0.6, 1.2]
  soil_layers    : ['L_01', 'L_02', 'L_03', 'L_04']
  ptf_method     : Wosten_1999
  ksat_method    : Gupta_2021_Ks
LANDCOVER
  sum(lu_frac) : 1.000000
  - Bare: 0.1500 (bare)
  - Deciduous broadleaf forest: 0.2500
  - Grassland: 0.6000

LAI
  lai_daily_by_lu keys: []
  All non-bare landcover types have LAI cycles.

ROOT FRACTIONS
  - Bare: sum=0.000000 | L_01=0.000, L_02=0.000, L_03=0.000, L_04=0.000
  - Deciduous broadleaf forest: sum=1.000000 | L_01=0.185, L_02=0.486, L_03=0.202, L_04=0.126
  - Grassland: sum=1.000000 | L_01=0.275, L_02=0.493, L_03=0.146, L_04=0.085
